T0000.000	referee	game_begin
T0000.000	RED	initialising
T0000.141	BLUE	initialising
T0000.364	RED	turn_begin	1
T0000.375	RED	turn_end	1	SPAWN(3, 3)
T0000.375	referee	board_update
T0000.390	BLUE	turn_begin	2
T0002.256	BLUE	turn_end	2	SPAWN(0, 0)
T0002.256	referee	board_update
T0002.266	RED	turn_begin	3
T0002.824	RED	turn_end	3	SPAWN(0, 2)
T0002.824	referee	board_update
T0002.832	BLUE	turn_begin	4
T0004.739	BLUE	turn_end	4	SPAWN(0, 1)
T0004.739	referee	board_update
T0004.748	RED	turn_begin	5
T0005.305	RED	turn_end	5	SPAWN(0, 3)
T0005.305	referee	board_update
T0005.313	BLUE	turn_begin	6
T0007.700	BLUE	turn_end	6	SPAWN(0, 5)
T0007.701	referee	board_update
T0007.709	RED	turn_begin	7
T0008.265	RED	turn_end	7	SPAWN(0, 4)
T0008.266	referee	board_update
T0008.274	BLUE	turn_begin	8
T0010.973	BLUE	turn_end	8	SPAWN(0, 6)
T0010.974	referee	board_update
T0010.983	RED	turn_begin	9
T0011.539	RED	turn_end	9	SPAWN(1, 0)
T0011.539	referee	board_update
T0011.548	BLUE	turn_begin	10
T0014.975	BLUE	turn_end	10	SPREAD(0, 0, 1, 0)
T0014.976	referee	board_update
T0014.986	RED	turn_begin	11
T0015.543	RED	turn_end	11	SPAWN(0, 0)
T0015.544	referee	board_update
T0015.554	BLUE	turn_begin	12
T0019.489	BLUE	turn_end	12	SPREAD(0, 1, 0, -1)
T0019.489	referee	board_update
T0019.499	RED	turn_begin	13
T0020.058	RED	turn_end	13	SPAWN(1, 1)
T0020.058	referee	board_update
T0020.068	BLUE	turn_begin	14
T0024.357	BLUE	turn_end	14	SPREAD(0, 0, 0, 1)
T0024.357	referee	board_update
T0024.367	RED	turn_begin	15
T0024.927	RED	turn_end	15	SPREAD(0, 3, 0, -1)
T0024.927	referee	board_update
T0024.936	BLUE	turn_begin	16
T0029.017	BLUE	turn_end	16	SPREAD(0, 1, 1, 0)
T0029.017	referee	board_update
T0029.042	RED	turn_begin	17
T0029.609	RED	turn_end	17	SPREAD(0, 2, 0, 1)
T0029.610	referee	board_update
T0029.620	BLUE	turn_begin	18
T0034.012	BLUE	turn_end	18	SPAWN(1, 5)
T0034.012	referee	board_update
T0034.022	RED	turn_begin	19
T0034.585	RED	turn_end	19	SPREAD(0, 5, -1, 0)
T0034.585	referee	board_update
T0034.595	BLUE	turn_begin	20
T0039.021	BLUE	turn_end	20	SPAWN(1, 3)
T0039.021	referee	board_update
T0039.030	RED	turn_begin	21
T0039.591	RED	turn_end	21	SPREAD(0, 4, 0, 1)
T0039.592	referee	board_update
T0039.602	BLUE	turn_begin	22
T0044.350	BLUE	turn_end	22	SPREAD(1, 3, -1, 0)
T0044.351	referee	board_update
T0044.360	RED	turn_begin	23
T0044.925	RED	turn_end	23	SPREAD(0, 6, 0, 1)
T0044.925	referee	board_update
T0044.935	BLUE	turn_begin	24
T0050.194	BLUE	turn_end	24	SPREAD(0, 3, 0, 1)
T0050.195	referee	board_update
T0050.203	RED	turn_begin	25
T0050.768	RED	turn_end	25	SPREAD(6, 5, 1, -1)
T0050.768	referee	board_update
T0050.778	BLUE	turn_begin	26
T0056.076	BLUE	turn_end	26	SPREAD(0, 5, 0, -1)
T0056.076	referee	board_update
T0056.086	RED	turn_begin	27
T0056.654	RED	turn_end	27	SPAWN(1, 2)
T0056.654	referee	board_update
T0056.663	BLUE	turn_begin	28
T0061.925	BLUE	turn_end	28	SPREAD(1, 0, 0, 1)
T0061.925	referee	board_update
T0061.933	RED	turn_begin	29
T0062.503	RED	turn_end	29	SPAWN(1, 0)
T0062.503	referee	board_update
T0062.513	BLUE	turn_begin	30
T0067.977	BLUE	turn_end	30	SPREAD(1, 1, -1, 0)
T0067.978	referee	board_update
T0067.987	RED	turn_begin	31
T0068.556	RED	turn_end	31	SPAWN(0, 2)
T0068.556	referee	board_update
T0068.566	BLUE	turn_begin	32
T0074.810	BLUE	turn_end	32	SPREAD(0, 1, 0, 1)
T0074.810	referee	board_update
T0074.820	RED	turn_begin	33
T0075.392	RED	turn_end	33	SPAWN(1, 3)
T0075.392	referee	board_update
T0075.400	BLUE	turn_begin	34
T0081.776	BLUE	turn_end	34	SPREAD(0, 4, 0, 1)
T0081.777	referee	board_update
T0081.786	RED	turn_begin	35
T0082.359	RED	turn_end	35	SPAWN(0, 1)
T0082.359	referee	board_update
T0082.369	BLUE	turn_begin	36
T0090.676	BLUE	turn_end	36	SPREAD(0, 0, 0, 1)
T0090.676	referee	board_update
T0090.686	RED	turn_begin	37
T0091.260	RED	turn_end	37	SPAWN(0, 0)
T0091.260	referee	board_update
T0091.270	BLUE	turn_begin	38
T0099.596	BLUE	turn_end	38	SPREAD(0, 3, -1, 1)
T0099.596	referee	board_update
T0099.606	RED	turn_begin	39
T0100.182	RED	turn_end	39	SPAWN(0, 3)
T0100.182	referee	board_update
T0100.191	BLUE	turn_begin	40
T0109.663	BLUE	turn_end	40	SPREAD(5, 5, 1, -1)
T0109.663	referee	board_update
T0109.672	RED	turn_begin	41
T0110.250	RED	turn_end	41	SPAWN(0, 4)
T0110.250	referee	board_update
T0110.259	BLUE	turn_begin	42
T0121.066	BLUE	turn_end	42	SPREAD(0, 2, 0, 1)
T0121.066	referee	board_update
T0121.075	RED	turn_begin	43
T0121.657	RED	turn_end	43	SPREAD(1, 3, -1, 1)
T0121.657	referee	board_update
T0121.667	BLUE	turn_begin	44
T0131.568	BLUE	turn_end	44	SPREAD(0, 5, 0, -1)
T0131.568	referee	board_update
T0131.577	RED	turn_begin	45
T0132.160	RED	turn_end	45	SPAWN(1, 4)
T0132.160	referee	board_update
T0132.170	BLUE	turn_begin	46
T0141.404	BLUE	turn_end	46	SPREAD(1, 5, 0, -1)
T0141.405	referee	board_update
T0141.414	RED	turn_begin	47
T0142.000	RED	turn_end	47	SPAWN(1, 5)
T0142.000	referee	board_update
T0142.009	BLUE	turn_begin	48
T0152.093	BLUE	turn_end	48	SPREAD(1, 2, 0, -1)
T0152.094	referee	board_update
T0152.103	RED	turn_begin	49
T0152.702	RED	turn_end	49	SPAWN(1, 2)
T0152.702	referee	board_update
T0152.711	BLUE	turn_begin	50
T0163.437	BLUE	turn_end	50	SPREAD(1, 0, 0, 1)
T0163.438	referee	board_update
T0163.447	RED	turn_begin	51
T0164.044	RED	turn_end	51	SPAWN(1, 0)
T0164.045	referee	board_update
T0164.053	BLUE	turn_begin	52
T0175.938	BLUE	turn_end	52	SPREAD(6, 1, 1, -1)
T0175.939	referee	board_update
T0175.948	RED	turn_begin	53
T0176.540	RED	turn_end	53	SPAWN(0, 2)
T0176.541	referee	board_update
T0176.550	BLUE	turn_begin	54
T0188.847	BLUE	turn_end	54	SPREAD(0, 6, 1, -1)
T0188.848	referee	board_update
T0188.857	RED	turn_begin	55
T0189.448	RED	turn_end	55	SPAWN(0, 5)
T0189.448	referee	board_update
T0189.457	BLUE	turn_begin	56
T0189.591	BLUE	turn_end	56	SPREAD(0, 3, 0, 1)
T0189.592	referee	board_update
T0189.601	RED	turn_begin	57
T0190.218	RED	turn_end	57	SPAWN(1, 3)
T0190.218	referee	board_update
T0190.226	BLUE	turn_begin	58
T0190.364	BLUE	turn_end	58	SPREAD(0, 0, 0, -1)
T0190.364	referee	board_update
T0190.373	RED	turn_begin	59
T0190.969	RED	turn_end	59	SPAWN(2, 0)
T0190.969	referee	board_update
T0190.978	BLUE	turn_begin	60
T0191.117	BLUE	turn_end	60	SPREAD(0, 1, 0, 1)
T0191.117	referee	board_update
T0191.126	RED	turn_begin	61
T0191.722	RED	turn_end	61	SPAWN(0, 0)
T0191.722	referee	board_update
T0191.730	BLUE	turn_begin	62
T0191.881	BLUE	turn_end	62	SPREAD(0, 4, 0, 1)
T0191.882	referee	board_update
T0191.890	RED	turn_begin	63
T0192.488	RED	turn_end	63	SPREAD(1, 0, -1, 1)
T0192.488	referee	board_update
T0192.497	BLUE	turn_begin	64
T0192.647	BLUE	turn_end	64	SPREAD(1, 1, -1, 0)
T0192.647	referee	board_update
T0192.656	RED	turn_begin	65
T0193.256	RED	turn_end	65	SPAWN(0, 4)
T0193.256	referee	board_update
T0193.265	BLUE	turn_begin	66
T0193.419	BLUE	turn_end	66	SPREAD(1, 4, -1, 0)
T0193.419	referee	board_update
T0193.427	RED	turn_begin	67
T0194.029	RED	turn_end	67	SPAWN(1, 6)
T0194.029	referee	board_update
T0194.038	BLUE	turn_begin	68
T0194.181	BLUE	turn_end	68	SPREAD(1, 5, 0, 1)
T0194.181	referee	board_update
T0194.190	RED	turn_begin	69
T0194.794	RED	turn_end	69	SPAWN(2, 1)
T0194.794	referee	board_update
T0194.803	BLUE	turn_begin	70
T0194.957	BLUE	turn_end	70	SPREAD(1, 2, 0, 1)
T0194.957	referee	board_update
T0194.966	RED	turn_begin	71
T0195.572	RED	turn_end	71	SPAWN(2, 2)
T0195.573	referee	board_update
T0195.581	BLUE	turn_begin	72
T0195.742	BLUE	turn_end	72	SPREAD(1, 3, 1, 0)
T0195.742	referee	board_update
T0195.751	RED	turn_begin	73
T0196.358	RED	turn_end	73	SPAWN(1, 5)
T0196.359	referee	board_update
T0196.368	BLUE	turn_begin	74
T0196.546	BLUE	turn_end	74	SPREAD(3, 3, -1, 1)
T0196.547	referee	board_update
T0196.555	RED	turn_begin	75
T0197.164	RED	turn_end	75	SPAWN(2, 5)
T0197.164	referee	board_update
T0197.173	BLUE	turn_begin	76
T0197.357	BLUE	turn_end	76	SPREAD(0, 5, 1, 0)
T0197.357	referee	board_update
T0197.366	RED	turn_begin	77
T0197.975	RED	turn_end	77	SPAWN(0, 5)
T0197.975	referee	board_update
T0197.984	BLUE	turn_begin	78
T0198.178	BLUE	turn_end	78	SPREAD(0, 2, 0, 1)
T0198.178	referee	board_update
T0198.187	RED	turn_begin	79
T0198.799	RED	turn_end	79	SPAWN(0, 2)
T0198.799	referee	board_update
T0198.807	BLUE	turn_begin	80
T0198.991	BLUE	turn_end	80	SPREAD(0, 6, 0, 1)
T0198.992	referee	board_update
T0199.002	RED	turn_begin	81
T0199.617	RED	turn_end	81	SPAWN(0, 6)
T0199.617	referee	board_update
T0199.625	BLUE	turn_begin	82
T0199.817	BLUE	turn_end	82	SPREAD(0, 3, 0, 1)
T0199.817	referee	board_update
T0199.826	RED	turn_begin	83
T0200.443	RED	turn_end	83	SPAWN(3, 2)
T0200.443	referee	board_update
T0200.452	BLUE	turn_begin	84
T0200.642	BLUE	turn_end	84	SPAWN(0, 3)
T0200.643	referee	board_update
T0200.652	RED	turn_begin	85
T0201.272	RED	turn_end	85	SPAWN(3, 3)
T0201.272	referee	board_update
T0201.280	BLUE	turn_begin	86
T0201.502	BLUE	turn_end	86	SPAWN(1, 1)
T0201.502	referee	board_update
T0201.510	RED	turn_begin	87
T0202.130	RED	turn_end	87	SPAWN(3, 4)
T0202.131	referee	board_update
T0202.143	BLUE	turn_begin	88
T0202.444	BLUE	turn_end	88	SPREAD(6, 4, -1, 0)
T0202.444	referee	board_update
T0202.452	RED	turn_begin	89
T0203.074	RED	turn_end	89	SPREAD(2, 0, -1, 0)
T0203.074	referee	board_update
T0203.083	BLUE	turn_begin	90
T0203.343	BLUE	turn_end	90	SPREAD(0, 0, 1, 0)
T0203.344	referee	board_update
T0203.353	RED	turn_begin	91
T0203.976	RED	turn_end	91	SPREAD(2, 1, -1, 0)
T0203.976	referee	board_update
T0203.985	BLUE	turn_begin	92
T0204.229	BLUE	turn_end	92	SPREAD(0, 1, 1, 0)
T0204.229	referee	board_update
T0204.238	RED	turn_begin	93
T0204.864	RED	turn_end	93	SPREAD(2, 2, 0, -1)
T0204.865	referee	board_update
T0204.874	BLUE	turn_begin	94
T0205.140	BLUE	turn_end	94	SPREAD(1, 1, 1, 0)
T0205.141	referee	board_update
T0205.149	RED	turn_begin	95
T0205.778	RED	turn_end	95	SPREAD(3, 2, -1, 1)
T0205.778	referee	board_update
T0205.787	BLUE	turn_begin	96
T0206.012	BLUE	turn_end	96	SPREAD(1, 4, 1, -1)
T0206.012	referee	board_update
T0206.021	RED	turn_begin	97
T0206.653	RED	turn_end	97	SPAWN(0, 0)
T0206.653	referee	board_update
T0206.662	BLUE	turn_begin	98
T0206.875	BLUE	turn_end	98	SPREAD(6, 1, 1, -1)
T0206.875	referee	board_update
T0206.884	RED	turn_begin	99
T0207.520	RED	turn_end	99	SPAWN(0, 1)
T0207.521	referee	board_update
T0207.529	BLUE	turn_begin	100
T0207.741	BLUE	turn_end	100	SPREAD(0, 4, 0, 1)
T0207.741	referee	board_update
T0207.750	RED	turn_begin	101
T0208.388	RED	turn_end	101	SPAWN(0, 4)
T0208.388	referee	board_update
T0208.396	BLUE	turn_begin	102
T0208.605	BLUE	turn_end	102	SPREAD(0, 5, 0, -1)
T0208.606	referee	board_update
T0208.614	RED	turn_begin	103
T0209.255	RED	turn_end	103	SPAWN(0, 5)
T0209.255	referee	board_update
T0209.264	BLUE	turn_begin	104
T0209.453	BLUE	turn_end	104	SPREAD(2, 3, -1, 1)
T0209.454	referee	board_update
T0209.462	RED	turn_begin	105
T0210.115	RED	turn_end	105	SPAWN(1, 1)
T0210.115	referee	board_update
T0210.124	BLUE	turn_begin	106
T0210.181	BLUE	turn_end	106	SPREAD(1, 6, 0, 1)
T0210.182	referee	board_update
T0210.189	RED	turn_begin	107
T0210.835	RED	turn_end	107	SPREAD(3, 3, 0, 1)
T0210.836	referee	board_update
T0210.844	BLUE	turn_begin	108
T0210.891	BLUE	turn_end	108	SPREAD(2, 4, 1, 0)
T0210.892	referee	board_update
T0210.927	referee	game_end	winner:BLUE
